# JRE version: Java(TM) SE Runtime Environment (8.0_202-b08) (build 1.8.0_202-b08)
# Java VM: Java HotSpot(TM) 64-Bit Server VM (25.202-b08 mixed mode windows-amd64 compressed oops)
Heap:
 PSYoungGen      total 136192K, used 97996K [0x000000076b400000, 0x0000000776d00000, 0x00000007c0000000)
  eden space 125440K, 69% used [0x000000076b400000,0x0000000770984e08,0x0000000772e80000)
  from space 10752K, 96% used [0x0000000772e80000,0x00000007738ae4e8,0x0000000773900000)
  to   space 13312K, 0% used [0x0000000776000000,0x0000000776000000,0x0000000776d00000)
 ParOldGen       total 100864K, used 9160K [0x00000006c1c00000, 0x00000006c7e80000, 0x000000076b400000)
  object space 100864K, 9% used [0x00000006c1c00000,0x00000006c24f2248,0x00000006c7e80000)
 Metaspace       used 33392K, capacity 35372K, committed 35496K, reserved 1079296K
  class space    used 4435K, capacity 4838K, committed 4912K, reserved 1048576K
GC Heap History (10 events):
Event: 1.857 GC heap before
{Heap before GC invocations=2 (full 0):
 PSYoungGen      total 76288K, used 73582K [0x000000076b400000, 0x0000000770900000, 0x00000007c0000000)
  eden space 65536K, 100% used [0x000000076b400000,0x000000076f400000,0x000000076f400000)
  from space 10752K, 74% used [0x000000076f400000,0x000000076fbdb9c0,0x000000076fe80000)
  to   space 10752K, 0% used [0x000000076fe80000,0x000000076fe80000,0x0000000770900000)
 ParOldGen       total 175104K, used 16K [0x00000006c1c00000, 0x00000006cc700000, 0x000000076b400000)
  object space 175104K, 0% used [0x00000006c1c00000,0x00000006c1c04000,0x00000006cc700000)
 Metaspace       used 19565K, capacity 20494K, committed 20736K, reserved 1067008K
  class space    used 2525K, capacity 2735K, committed 2816K, reserved 1048576K
Event: 1.867 GC heap after
Heap after GC invocations=2 (full 0):
 PSYoungGen      total 76288K, used 10739K [0x000000076b400000, 0x0000000774900000, 0x00000007c0000000)
  eden space 65536K, 0% used [0x000000076b400000,0x000000076b400000,0x000000076f400000)
  from space 10752K, 99% used [0x000000076fe80000,0x00000007708fce50,0x0000000770900000)
  to   space 10752K, 0% used [0x000000076f400000,0x000000076f400000,0x000000076fe80000)
 ParOldGen       total 175104K, used 350K [0x00000006c1c00000, 0x00000006cc700000, 0x000000076b400000)
  object space 175104K, 0% used [0x00000006c1c00000,0x00000006c1c57a38,0x00000006cc700000)
 Metaspace       used 19565K, capacity 20494K, committed 20736K, reserved 1067008K
  class space    used 2525K, capacity 2735K, committed 2816K, reserved 1048576K
}
Event: 2.041 GC heap before
{Heap before GC invocations=3 (full 0):
 PSYoungGen      total 76288K, used 47692K [0x000000076b400000, 0x0000000774900000, 0x00000007c0000000)
  eden space 65536K, 56% used [0x000000076b400000,0x000000076d816530,0x000000076f400000)
  from space 10752K, 99% used [0x000000076fe80000,0x00000007708fce50,0x0000000770900000)
  to   space 10752K, 0% used [0x000000076f400000,0x000000076f400000,0x000000076fe80000)
 ParOldGen       total 175104K, used 350K [0x00000006c1c00000, 0x00000006cc700000, 0x000000076b400000)
  object space 175104K, 0% used [0x00000006c1c00000,0x00000006c1c57a38,0x00000006cc700000)
 Metaspace       used 20308K, capacity 21272K, committed 21296K, reserved 1067008K
  class space    used 2626K, capacity 2856K, committed 2864K, reserved 1048576K
Event: 2.046 GC heap after
Heap after GC invocations=3 (full 0):
 PSYoungGen      total 76288K, used 9432K [0x000000076b400000, 0x0000000774900000, 0x00000007c0000000)
  eden space 65536K, 0% used [0x000000076b400000,0x000000076b400000,0x000000076f400000)
  from space 10752K, 87% used [0x000000076f400000,0x000000076fd36020,0x000000076fe80000)
  to   space 10752K, 0% used [0x0000000773e80000,0x0000000773e80000,0x0000000774900000)
 ParOldGen       total 175104K, used 358K [0x00000006c1c00000, 0x00000006cc700000, 0x000000076b400000)
  object space 175104K, 0% used [0x00000006c1c00000,0x00000006c1c59a38,0x00000006cc700000)
 Metaspace       used 20308K, capacity 21272K, committed 21296K, reserved 1067008K
  class space    used 2626K, capacity 2856K, committed 2864K, reserved 1048576K
}
Event: 2.046 GC heap before
{Heap before GC invocations=4 (full 1):
 PSYoungGen      total 76288K, used 9432K [0x000000076b400000, 0x0000000774900000, 0x00000007c0000000)
  eden space 65536K, 0% used [0x000000076b400000,0x000000076b400000,0x000000076f400000)
  from space 10752K, 87% used [0x000000076f400000,0x000000076fd36020,0x000000076fe80000)
  to   space 10752K, 0% used [0x0000000773e80000,0x0000000773e80000,0x0000000774900000)
 ParOldGen       total 175104K, used 358K [0x00000006c1c00000, 0x00000006cc700000, 0x000000076b400000)
  object space 175104K, 0% used [0x00000006c1c00000,0x00000006c1c59a38,0x00000006cc700000)
 Metaspace       used 20308K, capacity 21272K, committed 21296K, reserved 1067008K
  class space    used 2626K, capacity 2856K, committed 2864K, reserved 1048576K
Event: 2.074 GC heap after
Heap after GC invocations=4 (full 1):
 PSYoungGen      total 76288K, used 0K [0x000000076b400000, 0x0000000774900000, 0x00000007c0000000)
  eden space 65536K, 0% used [0x000000076b400000,0x000000076b400000,0x000000076f400000)
  from space 10752K, 0% used [0x000000076f400000,0x000000076f400000,0x000000076fe80000)
  to   space 10752K, 0% used [0x0000000773e80000,0x0000000773e80000,0x0000000774900000)
 ParOldGen       total 100864K, used 9144K [0x00000006c1c00000, 0x00000006c7e80000, 0x000000076b400000)
  object space 100864K, 9% used [0x00000006c1c00000,0x00000006c24ee248,0x00000006c7e80000)
 Metaspace       used 20308K, capacity 21272K, committed 21296K, reserved 1067008K
  class space    used 2626K, capacity 2856K, committed 2864K, reserved 1048576K
}
Event: 2.415 GC heap before
{Heap before GC invocations=5 (full 1):
 PSYoungGen      total 76288K, used 65536K [0x000000076b400000, 0x0000000774900000, 0x00000007c0000000)
  eden space 65536K, 100% used [0x000000076b400000,0x000000076f400000,0x000000076f400000)
  from space 10752K, 0% used [0x000000076f400000,0x000000076f400000,0x000000076fe80000)
  to   space 10752K, 0% used [0x0000000773e80000,0x0000000773e80000,0x0000000774900000)
 ParOldGen       total 100864K, used 9144K [0x00000006c1c00000, 0x00000006c7e80000, 0x000000076b400000)
  object space 100864K, 9% used [0x00000006c1c00000,0x00000006c24ee248,0x00000006c7e80000)
 Metaspace       used 22341K, capacity 23444K, committed 23728K, reserved 1069056K
  class space    used 2941K, capacity 3186K, committed 3248K, reserved 1048576K
Event: 2.419 GC heap after
Heap after GC invocations=5 (full 1):
 PSYoungGen      total 109568K, used 4732K [0x000000076b400000, 0x0000000774380000, 0x00000007c0000000)
  eden space 104448K, 0% used [0x000000076b400000,0x000000076b400000,0x0000000771a00000)
  from space 5120K, 92% used [0x0000000773e80000,0x000000077431f3c8,0x0000000774380000)
  to   space 10752K, 0% used [0x0000000772e80000,0x0000000772e80000,0x0000000773900000)
 ParOldGen       total 100864K, used 9152K [0x00000006c1c00000, 0x00000006c7e80000, 0x000000076b400000)
  object space 100864K, 9% used [0x00000006c1c00000,0x00000006c24f0248,0x00000006c7e80000)
 Metaspace       used 22341K, capacity 23444K, committed 23728K, reserved 1069056K
  class space    used 2941K, capacity 3186K, committed 3248K, reserved 1048576K
}
Event: 3.182 GC heap before
{Heap before GC invocations=6 (full 1):
 PSYoungGen      total 109568K, used 109180K [0x000000076b400000, 0x0000000774380000, 0x00000007c0000000)
  eden space 104448K, 100% used [0x000000076b400000,0x0000000771a00000,0x0000000771a00000)
  from space 5120K, 92% used [0x0000000773e80000,0x000000077431f3c8,0x0000000774380000)
  to   space 10752K, 0% used [0x0000000772e80000,0x0000000772e80000,0x0000000773900000)
 ParOldGen       total 100864K, used 9152K [0x00000006c1c00000, 0x00000006c7e80000, 0x000000076b400000)
  object space 100864K, 9% used [0x00000006c1c00000,0x00000006c24f0248,0x00000006c7e80000)
 Metaspace       used 29039K, capacity 30846K, committed 30896K, reserved 1075200K
  class space    used 3856K, capacity 4237K, committed 4272K, reserved 1048576K
Event: 3.189 GC heap after
Heap after GC invocations=6 (full 1):
 PSYoungGen      total 136192K, used 10425K [0x000000076b400000, 0x0000000776d00000, 0x00000007c0000000)
  eden space 125440K, 0% used [0x000000076b400000,0x000000076b400000,0x0000000772e80000)
  from space 10752K, 96% used [0x0000000772e80000,0x00000007738ae4e8,0x0000000773900000)
  to   space 13312K, 0% used [0x0000000776000000,0x0000000776000000,0x0000000776d00000)
 ParOldGen       total 100864K, used 9160K [0x00000006c1c00000, 0x00000006c7e80000, 0x000000076b400000)
  object space 100864K, 9% used [0x00000006c1c00000,0x00000006c24f2248,0x00000006c7e80000)
 Metaspace       used 29039K, capacity 30846K, committed 30896K, reserved 1075200K
  class space    used 3856K, capacity 4237K, committed 4272K, reserved 1048576K
}

