# JRE version: Java(TM) SE Runtime Environment (8.0_202-b08) (build 1.8.0_202-b08)
# Java VM: Java HotSpot(TM) 64-Bit Server VM (25.202-b08 mixed mode windows-amd64 compressed oops)
Heap:
 PSYoungGen      total 136192K, used 99347K [0x000000076b400000, 0x0000000776680000, 0x00000007c0000000)
  eden space 125440K, 71% used [0x000000076b400000,0x0000000770b04e68,0x0000000772e80000)
  from space 10752K, 95% used [0x0000000772e80000,0x000000077387fef8,0x0000000773900000)
  to   space 12800K, 0% used [0x0000000775a00000,0x0000000775a00000,0x0000000776680000)
 ParOldGen       total 103424K, used 9303K [0x00000006c1c00000, 0x00000006c8100000, 0x000000076b400000)
  object space 103424K, 8% used [0x00000006c1c00000,0x00000006c2515e70,0x00000006c8100000)
 Metaspace       used 33385K, capacity 35396K, committed 35496K, reserved 1079296K
  class space    used 4436K, capacity 4870K, committed 4912K, reserved 1048576K
GC Heap History (10 events):
Event: 1.869 GC heap before
{Heap before GC invocations=2 (full 0):
 PSYoungGen      total 76288K, used 73551K [0x000000076b400000, 0x0000000770900000, 0x00000007c0000000)
  eden space 65536K, 100% used [0x000000076b400000,0x000000076f400000,0x000000076f400000)
  from space 10752K, 74% used [0x000000076f400000,0x000000076fbd3ff0,0x000000076fe80000)
  to   space 10752K, 0% used [0x000000076fe80000,0x000000076fe80000,0x0000000770900000)
 ParOldGen       total 175104K, used 16K [0x00000006c1c00000, 0x00000006cc700000, 0x000000076b400000)
  object space 175104K, 0% used [0x00000006c1c00000,0x00000006c1c04000,0x00000006cc700000)
 Metaspace       used 19560K, capacity 20430K, committed 20736K, reserved 1067008K
  class space    used 2523K, capacity 2735K, committed 2816K, reserved 1048576K
Event: 1.877 GC heap after
Heap after GC invocations=2 (full 0):
 PSYoungGen      total 76288K, used 10728K [0x000000076b400000, 0x0000000774900000, 0x00000007c0000000)
  eden space 65536K, 0% used [0x000000076b400000,0x000000076b400000,0x000000076f400000)
  from space 10752K, 99% used [0x000000076fe80000,0x00000007708fa0f0,0x0000000770900000)
  to   space 10752K, 0% used [0x000000076f400000,0x000000076f400000,0x000000076fe80000)
 ParOldGen       total 175104K, used 430K [0x00000006c1c00000, 0x00000006cc700000, 0x000000076b400000)
  object space 175104K, 0% used [0x00000006c1c00000,0x00000006c1c6bb00,0x00000006cc700000)
 Metaspace       used 19560K, capacity 20430K, committed 20736K, reserved 1067008K
  class space    used 2523K, capacity 2735K, committed 2816K, reserved 1048576K
}
Event: 2.064 GC heap before
{Heap before GC invocations=3 (full 0):
 PSYoungGen      total 76288K, used 49822K [0x000000076b400000, 0x0000000774900000, 0x00000007c0000000)
  eden space 65536K, 59% used [0x000000076b400000,0x000000076da2da30,0x000000076f400000)
  from space 10752K, 99% used [0x000000076fe80000,0x00000007708fa0f0,0x0000000770900000)
  to   space 10752K, 0% used [0x000000076f400000,0x000000076f400000,0x000000076fe80000)
 ParOldGen       total 175104K, used 430K [0x00000006c1c00000, 0x00000006cc700000, 0x000000076b400000)
  object space 175104K, 0% used [0x00000006c1c00000,0x00000006c1c6bb00,0x00000006cc700000)
 Metaspace       used 20371K, capacity 21272K, committed 21296K, reserved 1067008K
  class space    used 2634K, capacity 2856K, committed 2864K, reserved 1048576K
Event: 2.069 GC heap after
Heap after GC invocations=3 (full 0):
 PSYoungGen      total 76288K, used 9565K [0x000000076b400000, 0x0000000774900000, 0x00000007c0000000)
  eden space 65536K, 0% used [0x000000076b400000,0x000000076b400000,0x000000076f400000)
  from space 10752K, 88% used [0x000000076f400000,0x000000076fd57548,0x000000076fe80000)
  to   space 10752K, 0% used [0x0000000773e80000,0x0000000773e80000,0x0000000774900000)
 ParOldGen       total 175104K, used 438K [0x00000006c1c00000, 0x00000006cc700000, 0x000000076b400000)
  object space 175104K, 0% used [0x00000006c1c00000,0x00000006c1c6db00,0x00000006cc700000)
 Metaspace       used 20371K, capacity 21272K, committed 21296K, reserved 1067008K
  class space    used 2634K, capacity 2856K, committed 2864K, reserved 1048576K
}
Event: 2.069 GC heap before
{Heap before GC invocations=4 (full 1):
 PSYoungGen      total 76288K, used 9565K [0x000000076b400000, 0x0000000774900000, 0x00000007c0000000)
  eden space 65536K, 0% used [0x000000076b400000,0x000000076b400000,0x000000076f400000)
  from space 10752K, 88% used [0x000000076f400000,0x000000076fd57548,0x000000076fe80000)
  to   space 10752K, 0% used [0x0000000773e80000,0x0000000773e80000,0x0000000774900000)
 ParOldGen       total 175104K, used 438K [0x00000006c1c00000, 0x00000006cc700000, 0x000000076b400000)
  object space 175104K, 0% used [0x00000006c1c00000,0x00000006c1c6db00,0x00000006cc700000)
 Metaspace       used 20371K, capacity 21272K, committed 21296K, reserved 1067008K
  class space    used 2634K, capacity 2856K, committed 2864K, reserved 1048576K
Event: 2.098 GC heap after
Heap after GC invocations=4 (full 1):
 PSYoungGen      total 76288K, used 0K [0x000000076b400000, 0x0000000774900000, 0x00000007c0000000)
  eden space 65536K, 0% used [0x000000076b400000,0x000000076b400000,0x000000076f400000)
  from space 10752K, 0% used [0x000000076f400000,0x000000076f400000,0x000000076fe80000)
  to   space 10752K, 0% used [0x0000000773e80000,0x0000000773e80000,0x0000000774900000)
 ParOldGen       total 103424K, used 9287K [0x00000006c1c00000, 0x00000006c8100000, 0x000000076b400000)
  object space 103424K, 8% used [0x00000006c1c00000,0x00000006c2511cc0,0x00000006c8100000)
 Metaspace       used 20371K, capacity 21272K, committed 21296K, reserved 1067008K
  class space    used 2634K, capacity 2856K, committed 2864K, reserved 1048576K
}
Event: 2.415 GC heap before
{Heap before GC invocations=5 (full 1):
 PSYoungGen      total 76288K, used 65536K [0x000000076b400000, 0x0000000774900000, 0x00000007c0000000)
  eden space 65536K, 100% used [0x000000076b400000,0x000000076f400000,0x000000076f400000)
  from space 10752K, 0% used [0x000000076f400000,0x000000076f400000,0x000000076fe80000)
  to   space 10752K, 0% used [0x0000000773e80000,0x0000000773e80000,0x0000000774900000)
 ParOldGen       total 103424K, used 9287K [0x00000006c1c00000, 0x00000006c8100000, 0x000000076b400000)
  object space 103424K, 8% used [0x00000006c1c00000,0x00000006c2511cc0,0x00000006c8100000)
 Metaspace       used 22392K, capacity 23386K, committed 23472K, reserved 1069056K
  class space    used 2944K, capacity 3187K, committed 3248K, reserved 1048576K
Event: 2.418 GC heap after
Heap after GC invocations=5 (full 1):
 PSYoungGen      total 107008K, used 4726K [0x000000076b400000, 0x0000000774380000, 0x00000007c0000000)
  eden space 101888K, 0% used [0x000000076b400000,0x000000076b400000,0x0000000771780000)
  from space 5120K, 92% used [0x0000000773e80000,0x000000077431da38,0x0000000774380000)
  to   space 10752K, 0% used [0x0000000772e80000,0x0000000772e80000,0x0000000773900000)
 ParOldGen       total 103424K, used 9295K [0x00000006c1c00000, 0x00000006c8100000, 0x000000076b400000)
  object space 103424K, 8% used [0x00000006c1c00000,0x00000006c2513cc0,0x00000006c8100000)
 Metaspace       used 22392K, capacity 23386K, committed 23472K, reserved 1069056K
  class space    used 2944K, capacity 3187K, committed 3248K, reserved 1048576K
}
Event: 3.112 GC heap before
{Heap before GC invocations=6 (full 1):
 PSYoungGen      total 107008K, used 106614K [0x000000076b400000, 0x0000000774380000, 0x00000007c0000000)
  eden space 101888K, 100% used [0x000000076b400000,0x0000000771780000,0x0000000771780000)
  from space 5120K, 92% used [0x0000000773e80000,0x000000077431da38,0x0000000774380000)
  to   space 10752K, 0% used [0x0000000772e80000,0x0000000772e80000,0x0000000773900000)
 ParOldGen       total 103424K, used 9295K [0x00000006c1c00000, 0x00000006c8100000, 0x000000076b400000)
  object space 103424K, 8% used [0x00000006c1c00000,0x00000006c2513e70,0x00000006c8100000)
 Metaspace       used 28966K, capacity 30736K, committed 30896K, reserved 1075200K
  class space    used 3845K, capacity 4202K, committed 4272K, reserved 1048576K
Event: 3.121 GC heap after
Heap after GC invocations=6 (full 1):
 PSYoungGen      total 136192K, used 10239K [0x000000076b400000, 0x0000000776680000, 0x00000007c0000000)
  eden space 125440K, 0% used [0x000000076b400000,0x000000076b400000,0x0000000772e80000)
  from space 10752K, 95% used [0x0000000772e80000,0x000000077387fef8,0x0000000773900000)
  to   space 12800K, 0% used [0x0000000775a00000,0x0000000775a00000,0x0000000776680000)
 ParOldGen       total 103424K, used 9303K [0x00000006c1c00000, 0x00000006c8100000, 0x000000076b400000)
  object space 103424K, 8% used [0x00000006c1c00000,0x00000006c2515e70,0x00000006c8100000)
 Metaspace       used 28966K, capacity 30736K, committed 30896K, reserved 1075200K
  class space    used 3845K, capacity 4202K, committed 4272K, reserved 1048576K
}

