# JRE version: Java(TM) SE Runtime Environment (8.0_202-b08) (build 1.8.0_202-b08)
# Java VM: Java HotSpot(TM) 64-Bit Server VM (25.202-b08 mixed mode windows-amd64 compressed oops)
Heap:
 PSYoungGen      total 136192K, used 101520K [0x000000076b400000, 0x0000000776880000, 0x00000007c0000000)
  eden space 125440K, 72% used [0x000000076b400000,0x0000000770d3ece8,0x0000000772e80000)
  from space 10752K, 94% used [0x0000000772e80000,0x0000000773865660,0x0000000773900000)
  to   space 12800K, 0% used [0x0000000775c00000,0x0000000775c00000,0x0000000776880000)
 ParOldGen       total 101888K, used 9102K [0x00000006c1c00000, 0x00000006c7f80000, 0x000000076b400000)
  object space 101888K, 8% used [0x00000006c1c00000,0x00000006c24e38b8,0x00000006c7f80000)
 Metaspace       used 33391K, capacity 35412K, committed 35496K, reserved 1079296K
  class space    used 4436K, capacity 4870K, committed 4912K, reserved 1048576K
GC Heap History (10 events):
Event: 1.843 GC heap before
{Heap before GC invocations=2 (full 0):
 PSYoungGen      total 76288K, used 73586K [0x000000076b400000, 0x0000000770900000, 0x00000007c0000000)
  eden space 65536K, 100% used [0x000000076b400000,0x000000076f400000,0x000000076f400000)
  from space 10752K, 74% used [0x000000076f400000,0x000000076fbdc908,0x000000076fe80000)
  to   space 10752K, 0% used [0x000000076fe80000,0x000000076fe80000,0x0000000770900000)
 ParOldGen       total 175104K, used 16K [0x00000006c1c00000, 0x00000006cc700000, 0x000000076b400000)
  object space 175104K, 0% used [0x00000006c1c00000,0x00000006c1c04000,0x00000006cc700000)
 Metaspace       used 19565K, capacity 20430K, committed 20736K, reserved 1067008K
  class space    used 2523K, capacity 2735K, committed 2816K, reserved 1048576K
Event: 1.853 GC heap after
Heap after GC invocations=2 (full 0):
 PSYoungGen      total 76288K, used 10748K [0x000000076b400000, 0x0000000774900000, 0x00000007c0000000)
  eden space 65536K, 0% used [0x000000076b400000,0x000000076b400000,0x000000076f400000)
  from space 10752K, 99% used [0x000000076fe80000,0x00000007708ff050,0x0000000770900000)
  to   space 10752K, 0% used [0x000000076f400000,0x000000076f400000,0x000000076fe80000)
 ParOldGen       total 175104K, used 318K [0x00000006c1c00000, 0x00000006cc700000, 0x000000076b400000)
  object space 175104K, 0% used [0x00000006c1c00000,0x00000006c1c4fa38,0x00000006cc700000)
 Metaspace       used 19565K, capacity 20430K, committed 20736K, reserved 1067008K
  class space    used 2523K, capacity 2735K, committed 2816K, reserved 1048576K
}
Event: 2.053 GC heap before
{Heap before GC invocations=3 (full 0):
 PSYoungGen      total 76288K, used 46819K [0x000000076b400000, 0x0000000774900000, 0x00000007c0000000)
  eden space 65536K, 55% used [0x000000076b400000,0x000000076d739e48,0x000000076f400000)
  from space 10752K, 99% used [0x000000076fe80000,0x00000007708ff050,0x0000000770900000)
  to   space 10752K, 0% used [0x000000076f400000,0x000000076f400000,0x000000076fe80000)
 ParOldGen       total 175104K, used 318K [0x00000006c1c00000, 0x00000006cc700000, 0x000000076b400000)
  object space 175104K, 0% used [0x00000006c1c00000,0x00000006c1c4fa38,0x00000006cc700000)
 Metaspace       used 20300K, capacity 21280K, committed 21296K, reserved 1067008K
  class space    used 2621K, capacity 2856K, committed 2864K, reserved 1048576K
Event: 2.059 GC heap after
Heap after GC invocations=3 (full 0):
 PSYoungGen      total 76288K, used 9379K [0x000000076b400000, 0x0000000774900000, 0x00000007c0000000)
  eden space 65536K, 0% used [0x000000076b400000,0x000000076b400000,0x000000076f400000)
  from space 10752K, 87% used [0x000000076f400000,0x000000076fd28d58,0x000000076fe80000)
  to   space 10752K, 0% used [0x0000000773e80000,0x0000000773e80000,0x0000000774900000)
 ParOldGen       total 175104K, used 326K [0x00000006c1c00000, 0x00000006cc700000, 0x000000076b400000)
  object space 175104K, 0% used [0x00000006c1c00000,0x00000006c1c51a38,0x00000006cc700000)
 Metaspace       used 20300K, capacity 21280K, committed 21296K, reserved 1067008K
  class space    used 2621K, capacity 2856K, committed 2864K, reserved 1048576K
}
Event: 2.059 GC heap before
{Heap before GC invocations=4 (full 1):
 PSYoungGen      total 76288K, used 9379K [0x000000076b400000, 0x0000000774900000, 0x00000007c0000000)
  eden space 65536K, 0% used [0x000000076b400000,0x000000076b400000,0x000000076f400000)
  from space 10752K, 87% used [0x000000076f400000,0x000000076fd28d58,0x000000076fe80000)
  to   space 10752K, 0% used [0x0000000773e80000,0x0000000773e80000,0x0000000774900000)
 ParOldGen       total 175104K, used 326K [0x00000006c1c00000, 0x00000006cc700000, 0x000000076b400000)
  object space 175104K, 0% used [0x00000006c1c00000,0x00000006c1c51a38,0x00000006cc700000)
 Metaspace       used 20300K, capacity 21280K, committed 21296K, reserved 1067008K
  class space    used 2621K, capacity 2856K, committed 2864K, reserved 1048576K
Event: 2.087 GC heap after
Heap after GC invocations=4 (full 1):
 PSYoungGen      total 76288K, used 0K [0x000000076b400000, 0x0000000774900000, 0x00000007c0000000)
  eden space 65536K, 0% used [0x000000076b400000,0x000000076b400000,0x000000076f400000)
  from space 10752K, 0% used [0x000000076f400000,0x000000076f400000,0x000000076fe80000)
  to   space 10752K, 0% used [0x0000000773e80000,0x0000000773e80000,0x0000000774900000)
 ParOldGen       total 101888K, used 9086K [0x00000006c1c00000, 0x00000006c7f80000, 0x000000076b400000)
  object space 101888K, 8% used [0x00000006c1c00000,0x00000006c24df8b8,0x00000006c7f80000)
 Metaspace       used 20300K, capacity 21280K, committed 21296K, reserved 1067008K
  class space    used 2621K, capacity 2856K, committed 2864K, reserved 1048576K
}
Event: 2.426 GC heap before
{Heap before GC invocations=5 (full 1):
 PSYoungGen      total 76288K, used 65536K [0x000000076b400000, 0x0000000774900000, 0x00000007c0000000)
  eden space 65536K, 100% used [0x000000076b400000,0x000000076f400000,0x000000076f400000)
  from space 10752K, 0% used [0x000000076f400000,0x000000076f400000,0x000000076fe80000)
  to   space 10752K, 0% used [0x0000000773e80000,0x0000000773e80000,0x0000000774900000)
 ParOldGen       total 101888K, used 9086K [0x00000006c1c00000, 0x00000006c7f80000, 0x000000076b400000)
  object space 101888K, 8% used [0x00000006c1c00000,0x00000006c24df8b8,0x00000006c7f80000)
 Metaspace       used 22299K, capacity 23356K, committed 23472K, reserved 1069056K
  class space    used 2929K, capacity 3154K, committed 3248K, reserved 1048576K
Event: 2.431 GC heap after
Heap after GC invocations=5 (full 1):
 PSYoungGen      total 108032K, used 4841K [0x000000076b400000, 0x0000000774380000, 0x00000007c0000000)
  eden space 102912K, 0% used [0x000000076b400000,0x000000076b400000,0x0000000771880000)
  from space 5120K, 94% used [0x0000000773e80000,0x000000077433a6f8,0x0000000774380000)
  to   space 10752K, 0% used [0x0000000772e80000,0x0000000772e80000,0x0000000773900000)
 ParOldGen       total 101888K, used 9094K [0x00000006c1c00000, 0x00000006c7f80000, 0x000000076b400000)
  object space 101888K, 8% used [0x00000006c1c00000,0x00000006c24e18b8,0x00000006c7f80000)
 Metaspace       used 22299K, capacity 23356K, committed 23472K, reserved 1069056K
  class space    used 2929K, capacity 3154K, committed 3248K, reserved 1048576K
}
Event: 3.177 GC heap before
{Heap before GC invocations=6 (full 1):
 PSYoungGen      total 108032K, used 107753K [0x000000076b400000, 0x0000000774380000, 0x00000007c0000000)
  eden space 102912K, 100% used [0x000000076b400000,0x0000000771880000,0x0000000771880000)
  from space 5120K, 94% used [0x0000000773e80000,0x000000077433a6f8,0x0000000774380000)
  to   space 10752K, 0% used [0x0000000772e80000,0x0000000772e80000,0x0000000773900000)
 ParOldGen       total 101888K, used 9094K [0x00000006c1c00000, 0x00000006c7f80000, 0x000000076b400000)
  object space 101888K, 8% used [0x00000006c1c00000,0x00000006c24e18b8,0x00000006c7f80000)
 Metaspace       used 28668K, capacity 30444K, committed 30640K, reserved 1075200K
  class space    used 3802K, capacity 4168K, committed 4272K, reserved 1048576K
Event: 3.186 GC heap after
Heap after GC invocations=6 (full 1):
 PSYoungGen      total 136192K, used 10133K [0x000000076b400000, 0x0000000776880000, 0x00000007c0000000)
  eden space 125440K, 0% used [0x000000076b400000,0x000000076b400000,0x0000000772e80000)
  from space 10752K, 94% used [0x0000000772e80000,0x0000000773865660,0x0000000773900000)
  to   space 12800K, 0% used [0x0000000775c00000,0x0000000775c00000,0x0000000776880000)
 ParOldGen       total 101888K, used 9102K [0x00000006c1c00000, 0x00000006c7f80000, 0x000000076b400000)
  object space 101888K, 8% used [0x00000006c1c00000,0x00000006c24e38b8,0x00000006c7f80000)
 Metaspace       used 28668K, capacity 30444K, committed 30640K, reserved 1075200K
  class space    used 3802K, capacity 4168K, committed 4272K, reserved 1048576K
}

